Traceback (most recent call last):
  File "/Users/kvarada/opt/miniconda3/lib/python3.10/site-packages/jupyter_cache/executors/utils.py", line 51, in single_nb_execution
    executenb(
  File "/Users/kvarada/opt/miniconda3/lib/python3.10/site-packages/nbclient/client.py", line 1204, in execute
    return NotebookClient(nb=nb, resources=resources, km=km, **kwargs).execute()
  File "/Users/kvarada/opt/miniconda3/lib/python3.10/site-packages/nbclient/util.py", line 84, in wrapped
    return just_run(coro(*args, **kwargs))
  File "/Users/kvarada/opt/miniconda3/lib/python3.10/site-packages/nbclient/util.py", line 62, in just_run
    return loop.run_until_complete(coro)
  File "/Users/kvarada/opt/miniconda3/lib/python3.10/asyncio/base_events.py", line 646, in run_until_complete
    return future.result()
  File "/Users/kvarada/opt/miniconda3/lib/python3.10/site-packages/nbclient/client.py", line 663, in async_execute
    await self.async_execute_cell(
  File "/Users/kvarada/opt/miniconda3/lib/python3.10/site-packages/nbclient/client.py", line 965, in async_execute_cell
    await self._check_raise_for_error(cell, cell_index, exec_reply)
  File "/Users/kvarada/opt/miniconda3/lib/python3.10/site-packages/nbclient/client.py", line 862, in _check_raise_for_error
    raise CellExecutionError.from_cell_and_msg(cell, exec_reply_content)
nbclient.exceptions.CellExecutionError: An error occurred while executing the following cell:
------------------
assert tests_hw5.ex1_2_1(
    results_dict["A"]["accuracy"]
), "Your answer is incorrect, see traceback above."
print("Success")
------------------

[0;31m---------------------------------------------------------------------------[0m
[0;31mAssertionError[0m                            Traceback (most recent call last)
[0;32m/var/folders/ky/533nd9l512l5cmmk_kzmzj9m0000gp/T/ipykernel_80400/3913283802.py[0m in [0;36m<module>[0;34m[0m
[0;32m----> 1[0;31m assert tests_hw5.ex1_2_1(
[0m[1;32m      2[0m     [0mresults_dict[0m[0;34m[[0m[0;34m"A"[0m[0;34m][0m[0;34m[[0m[0;34m"accuracy"[0m[0;34m][0m[0;34m[0m[0;34m[0m[0m
[1;32m      3[0m ), "Your answer is incorrect, see traceback above."
[1;32m      4[0m [0mprint[0m[0;34m([0m[0;34m"Success"[0m[0;34m)[0m[0;34m[0m[0;34m[0m[0m

[0;31mAssertionError[0m: Your answer is incorrect, see traceback above.
AssertionError: Your answer is incorrect, see traceback above.

